<?xml version="1.0" encoding="utf-8" standalone="no"?>
<test-run id="2" testcasecount="0" result="Failed" label="Invalid" total="0" passed="0" failed="0" inconclusive="0" skipped="0" asserts="0" engine-version="3.7.0.0" clr-version="4.0.30319.42000" start-time="2018-01-21 14:36:13Z" end-time="2018-01-21 14:36:14Z" duration="0.745739">
  <command-line><![CDATA["C:\TEAMPROJECT\GIT\selenim specflow\blog\LogCorner.BlogPost\packages\NUnit.ConsoleRunner.3.7.0\tools\nunit3-console.exe" LogCorner.BlogPost.Web.Mvc.UITest.dll ]]></command-line>
  <test-suite type="Assembly" id="0-1" name="LogCorner.BlogPost.Web.Mvc.UITest.dll" fullname="C:\TEAMPROJECT\GIT\selenim specflow\blog\LogCorner.BlogPost\LogCorner.BlogPost.Web.Mvc.UITest\bin\Debug\LogCorner.BlogPost.Web.Mvc.UITest.dll" testcasecount="0" runstate="NotRunnable" result="Failed" label="Invalid">
    <properties>
      <property name="_SKIPREASON" value="File not found: C:\TEAMPROJECT\GIT\selenim specflow\blog\LogCorner.BlogPost\LogCorner.BlogPost.Web.Mvc.UITest\bin\Debug\LogCorner.BlogPost.Web.Mvc.UITest.dll" />
    </properties>
    <reason>
      <message>File not found: C:\TEAMPROJECT\GIT\selenim specflow\blog\LogCorner.BlogPost\LogCorner.BlogPost.Web.Mvc.UITest\bin\Debug\LogCorner.BlogPost.Web.Mvc.UITest.dll</message>
    </reason>
  </test-suite>
</test-run>